Drill report for /Users/kevin/GitHub/iot/iotkong/iotkong.kicad_pcb
Created on Wednesday, September 12, 2018 at 08:09:08 PM

Copper Layer Stackup:
    =============================================================
    L1 :  F.Cu                      front
    L2 :  B.Cu                      back


Drill file 'iotkong-PTH.drl' contains
    plated through holes:
    =============================================================
    T1  0.70mm  0.028"  (22 holes)
    T2  0.80mm  0.031"  (23 holes)
    T3  0.90mm  0.035"  (20 holes)
    T4  0.91mm  0.036"  (4 holes)
    T5  1.00mm  0.039"  (175 holes)
    T6  1.25mm  0.049"  (2 holes)
    T7  2.31mm  0.091"  (2 holes)

    Total plated holes count 248


Drill file 'iotkong-NPTH.drl' contains
    unplated through holes:
    =============================================================
    T1  3.20mm  0.126"  (4 holes)

    Total unplated holes count 4
